\BOOKMARK [1][-]{Doc-Start}{ARTICLE I}{}% 1
\BOOKMARK [1][-]{Doc-Start}{ARTICLE II}{}% 2
\BOOKMARK [2][-]{section*.1}{Section 1}{Doc-Start}% 3
\BOOKMARK [2][-]{section*.1}{Section 2}{Doc-Start}% 4
\BOOKMARK [1][-]{section*.1}{ARTICLE III}{}% 5
\BOOKMARK [2][-]{section*.2}{Section 1}{section*.1}% 6
\BOOKMARK [2][-]{section*.2}{Section 2}{section*.1}% 7
\BOOKMARK [1][-]{section*.2}{ARTICLE IV}{}% 8
\BOOKMARK [2][-]{section*.3}{Section 1: Executive Committee}{section*.2}% 9
\BOOKMARK [2][-]{section*.3}{Section 2: President}{section*.2}% 10
\BOOKMARK [2][-]{section*.3}{Section 3: Vice President of Operations}{section*.2}% 11
\BOOKMARK [2][-]{section*.3}{Section 4: Vice President of Marketing and Finance}{section*.2}% 12
\BOOKMARK [2][-]{section*.3}{Section 5: Vice President of Projects}{section*.2}% 13
\BOOKMARK [2][-]{section*.3}{Section 6: Vice President of Technology}{section*.2}% 14
\BOOKMARK [1][-]{section*.3}{ARTICLE V}{}% 15
\BOOKMARK [2][-]{section*.4}{Section 1}{section*.3}% 16
\BOOKMARK [2][-]{section*.4}{Section 2}{section*.3}% 17
\BOOKMARK [2][-]{section*.4}{Section 3}{section*.3}% 18
\BOOKMARK [1][-]{section*.4}{ARTICLE VI}{}% 19
\BOOKMARK [2][-]{section*.5}{Section 1}{section*.4}% 20
\BOOKMARK [2][-]{section*.5}{Section 2}{section*.4}% 21
\BOOKMARK [1][-]{section*.5}{ARTICLE VII}{}% 22
\BOOKMARK [2][-]{section*.6}{Section 1}{section*.5}% 23
\BOOKMARK [2][-]{section*.6}{Section 2}{section*.5}% 24
\BOOKMARK [1][-]{section*.6}{ARTICLE VIII}{}% 25
\BOOKMARK [2][-]{section*.7}{Section 1}{section*.6}% 26
\BOOKMARK [2][-]{section*.7}{Section 2}{section*.6}% 27
\BOOKMARK [2][-]{section*.7}{Section 3}{section*.6}% 28
